<?xml version="1.0" encoding="UTF-8"?>
<!-- Generated by org.testng.reporters.JUnitXMLReporter -->
<testsuite ignored="6" hostname="DESKTOP-CFS2EAU" failures="0" tests="5" name="Test" time="74.47" errors="0" timestamp="2025-03-22T10:52:13 IST">
  <testcase classname="testScriptRepo.TC_001" name="createCampaign_001" time="6.578"/>
  <testcase classname="testScriptRepo.TC_004" name="createProduct" time="10.025"/>
  <testcase classname="testScriptRepo.TC_003" name="createContact_001" time="11.543"/>
  <testcase classname="testScriptRepo.TC_002" name="createCampaign_002" time="20.55">
    <skipped/>
  </testcase> <!-- createCampaign_002 -->
  <testcase classname="testScriptRepo.TC_002" name="createCampaign_002" time="3.2"/>
  <testcase classname="genericUtility.BaseClass" name="@AfterSuite closeDatabaseConnection" time="0.0">
    <ignored/>
  </testcase> <!-- @AfterSuite closeDatabaseConnection -->
  <testcase classname="genericUtility.BaseClass" name="@AfterSuite closeDatabaseConnection" time="0.0">
    <ignored/>
  </testcase> <!-- @AfterSuite closeDatabaseConnection -->
  <testcase classname="genericUtility.BaseClass" name="@AfterSuite closeDatabaseConnection" time="0.0">
    <ignored/>
  </testcase> <!-- @AfterSuite closeDatabaseConnection -->
  <testcase classname="genericUtility.BaseClass" name="@BeforeSuite dbConnection" time="0.0">
    <ignored/>
  </testcase> <!-- @BeforeSuite dbConnection -->
  <testcase classname="genericUtility.BaseClass" name="@BeforeSuite dbConnection" time="0.0">
    <ignored/>
  </testcase> <!-- @BeforeSuite dbConnection -->
  <testcase classname="genericUtility.BaseClass" name="@BeforeSuite dbConnection" time="0.0">
    <ignored/>
  </testcase> <!-- @BeforeSuite dbConnection -->
</testsuite> <!-- Test -->
