<?xml version="1.0" encoding="UTF-8"?>
<!-- Generated by org.testng.reporters.JUnitXMLReporter -->
<testsuite ignored="2" hostname="DESKTOP-CFS2EAU" failures="0" tests="3" name="Test" time="89.327" errors="0" timestamp="2025-03-29T20:20:06 IST">
  <testcase classname="testScriptRepo.Test_003" name="createContact_001" time="5.571"/>
  <testcase classname="testScriptRepo.Test_003" name="createContact_001" time="5.455"/>
  <testcase classname="testScriptRepo.Test_001" name="createCampaign_001" time="6.277"/>
  <testcase classname="genericUtility.BaseClass" name="@AfterSuite closeDatabaseConnection" time="0.0">
    <ignored/>
  </testcase> <!-- @AfterSuite closeDatabaseConnection -->
  <testcase classname="genericUtility.BaseClass" name="@BeforeSuite dbConnection" time="0.0">
    <ignored/>
  </testcase> <!-- @BeforeSuite dbConnection -->
</testsuite> <!-- Test -->
