<?xml version="1.0" encoding="UTF-8"?>
<testng-results ignored="0" total="1" passed="1" failed="0" skipped="0">
  <reporter-output>
    <line>
      <![CDATA[ON Start Executed]]>
    </line>
    <line>
      <![CDATA[✅ createCampaign_001 Test Started Successfully of class:testScriptRepo.Test_001.createCampaign_001]]>
    </line>
    <line>
      <![CDATA[✅ createCampaign_001 Test Executed Successfully ]]>
    </line>
  </reporter-output>
  <suite started-at="2025-03-26T19:17:31 IST" name="Default suite" finished-at="2025-03-26T19:18:05 IST" duration-ms="34413">
    <groups>
      <group name="Regression">
        <method signature="Test_001.createCampaign_001()[pri:0, instance:testScriptRepo.Test_001@16d04d3d]" name="createCampaign_001" class="testScriptRepo.Test_001"/>
      </group> <!-- Regression -->
      <group name="Smoke">
        <method signature="Test_001.createCampaign_001()[pri:0, instance:testScriptRepo.Test_001@16d04d3d]" name="createCampaign_001" class="testScriptRepo.Test_001"/>
      </group> <!-- Smoke -->
    </groups>
    <test started-at="2025-03-26T19:17:31 IST" name="Default test" finished-at="2025-03-26T19:18:05 IST" duration-ms="34413">
      <class name="testScriptRepo.Test_001">
        <test-method is-config="true" signature="dbConnection()[pri:0, instance:testScriptRepo.Test_001@16d04d3d]" started-at="2025-03-26T19:17:27 IST" name="dbConnection" finished-at="2025-03-26T19:17:31 IST" duration-ms="3117" status="PASS">
          <reporter-output>
          </reporter-output>
        </test-method> <!-- dbConnection -->
        <test-method is-config="true" signature="launchBrowser(java.lang.String)[pri:0, instance:testScriptRepo.Test_001@16d04d3d]" started-at="2025-03-26T19:17:32 IST" name="launchBrowser" finished-at="2025-03-26T19:17:39 IST" duration-ms="6714" status="PASS">
          <params>
            <param index="0">
              <value>
                <![CDATA[chrome]]>
              </value>
            </param>
          </params>
          <reporter-output>
          </reporter-output>
        </test-method> <!-- launchBrowser -->
        <test-method is-config="true" signature="loginOperation()[pri:0, instance:testScriptRepo.Test_001@16d04d3d]" started-at="2025-03-26T19:17:39 IST" name="loginOperation" finished-at="2025-03-26T19:17:43 IST" duration-ms="4450" status="PASS">
          <reporter-output>
          </reporter-output>
        </test-method> <!-- loginOperation -->
        <test-method signature="createCampaign_001()[pri:0, instance:testScriptRepo.Test_001@16d04d3d]" started-at="2025-03-26T19:17:43 IST" name="createCampaign_001" finished-at="2025-03-26T19:17:47 IST" duration-ms="3718" status="PASS">
          <reporter-output>
            <line>
              <![CDATA[✅ createCampaign_001 Test Started Successfully of class:testScriptRepo.Test_001.createCampaign_001]]>
            </line>
            <line>
              <![CDATA[✅ createCampaign_001 Test Executed Successfully ]]>
            </line>
          </reporter-output>
        </test-method> <!-- createCampaign_001 -->
        <test-method is-config="true" signature="logoutOperation()[pri:0, instance:testScriptRepo.Test_001@16d04d3d]" started-at="2025-03-26T19:17:47 IST" name="logoutOperation" finished-at="2025-03-26T19:18:03 IST" duration-ms="16152" status="PASS">
          <reporter-output>
          </reporter-output>
        </test-method> <!-- logoutOperation -->
        <test-method is-config="true" signature="closeBrowser()[pri:0, instance:testScriptRepo.Test_001@16d04d3d]" started-at="2025-03-26T19:18:03 IST" name="closeBrowser" finished-at="2025-03-26T19:18:05 IST" duration-ms="1968" status="PASS">
          <reporter-output>
          </reporter-output>
        </test-method> <!-- closeBrowser -->
        <test-method is-config="true" signature="closeDatabaseConnection()[pri:0, instance:testScriptRepo.Test_001@16d04d3d]" started-at="2025-03-26T19:18:06 IST" name="closeDatabaseConnection" finished-at="2025-03-26T19:18:06 IST" duration-ms="9" status="PASS">
          <reporter-output>
          </reporter-output>
        </test-method> <!-- closeDatabaseConnection -->
      </class> <!-- testScriptRepo.Test_001 -->
    </test> <!-- Default test -->
  </suite> <!-- Default suite -->
</testng-results>
