<?xml version="1.0" encoding="UTF-8"?>
<testng-results ignored="2" total="5" passed="3" failed="0" skipped="0">
  <reporter-output>
    <line>
      <![CDATA[onStart method Execution Started]]>
    </line>
    <line>
      <![CDATA[✅ testScriptRepo.Test_003.createContact_001 Test Started Successfully ]]>
    </line>
    <line>
      <![CDATA[✅ Test Exceution Ended Successfully]]>
    </line>
    <line>
      <![CDATA[✅ createContact_001 Test Executed Successfully ]]>
    </line>
    <line>
      <![CDATA[✅ testScriptRepo.Test_003.createContact_001 Test Started Successfully ]]>
    </line>
    <line>
      <![CDATA[✅ Test Exceution Ended Successfully]]>
    </line>
    <line>
      <![CDATA[✅ createContact_001 Test Executed Successfully ]]>
    </line>
    <line>
      <![CDATA[✅ testScriptRepo.Test_001.createCampaign_001 Test Started Successfully ]]>
    </line>
    <line>
      <![CDATA[✅ createCampaign_001 Test Executed Successfully ]]>
    </line>
  </reporter-output>
  <suite started-at="2025-03-29T20:18:37 IST" name="Suite" finished-at="2025-03-29T20:20:06 IST" duration-ms="89327">
    <groups>
      <group name="Regression">
        <method signature="Test_001.createCampaign_001()[pri:0, instance:testScriptRepo.Test_001@34a3d150]" name="createCampaign_001" class="testScriptRepo.Test_001"/>
      </group> <!-- Regression -->
      <group name="Smoke">
        <method signature="Test_001.createCampaign_001()[pri:0, instance:testScriptRepo.Test_001@34a3d150]" name="createCampaign_001" class="testScriptRepo.Test_001"/>
        <method signature="Test_003.createContact_001(java.util.HashMap)[pri:0, instance:testScriptRepo.Test_003@4c371370]" name="createContact_001" class="testScriptRepo.Test_003"/>
      </group> <!-- Smoke -->
    </groups>
    <test started-at="2025-03-29T20:18:37 IST" name="Test" finished-at="2025-03-29T20:20:06 IST" duration-ms="89327">
      <class name="testScriptRepo.Test_001">
        <test-method is-config="true" signature="launchBrowser(java.lang.String)[pri:0, instance:testScriptRepo.Test_001@34a3d150]" started-at="2025-03-29T20:19:30 IST" name="launchBrowser" finished-at="2025-03-29T20:19:38 IST" duration-ms="7372" status="PASS">
          <params>
            <param index="0">
              <value>
                <![CDATA[chrome]]>
              </value>
            </param>
          </params>
          <reporter-output>
          </reporter-output>
        </test-method> <!-- launchBrowser -->
        <test-method is-config="true" signature="loginOperation()[pri:0, instance:testScriptRepo.Test_001@34a3d150]" started-at="2025-03-29T20:19:38 IST" name="loginOperation" finished-at="2025-03-29T20:19:39 IST" duration-ms="1162" status="PASS">
          <reporter-output>
          </reporter-output>
        </test-method> <!-- loginOperation -->
        <test-method signature="createCampaign_001()[pri:0, instance:testScriptRepo.Test_001@34a3d150]" started-at="2025-03-29T20:19:39 IST" name="createCampaign_001" finished-at="2025-03-29T20:19:45 IST" duration-ms="6277" status="PASS">
          <reporter-output>
            <line>
              <![CDATA[✅ testScriptRepo.Test_001.createCampaign_001 Test Started Successfully ]]>
            </line>
            <line>
              <![CDATA[✅ createCampaign_001 Test Executed Successfully ]]>
            </line>
          </reporter-output>
        </test-method> <!-- createCampaign_001 -->
        <test-method is-config="true" signature="logoutOperation()[pri:0, instance:testScriptRepo.Test_001@34a3d150]" started-at="2025-03-29T20:19:45 IST" name="logoutOperation" finished-at="2025-03-29T20:20:03 IST" duration-ms="17773" status="PASS">
          <reporter-output>
          </reporter-output>
        </test-method> <!-- logoutOperation -->
        <test-method is-config="true" signature="closeBrowser()[pri:0, instance:testScriptRepo.Test_001@34a3d150]" started-at="2025-03-29T20:20:03 IST" name="closeBrowser" finished-at="2025-03-29T20:20:06 IST" duration-ms="3065" status="PASS">
          <reporter-output>
          </reporter-output>
        </test-method> <!-- closeBrowser -->
      </class> <!-- testScriptRepo.Test_001 -->
      <class name="testScriptRepo.Test_003">
        <test-method is-config="true" signature="dbConnection()[pri:0, instance:testScriptRepo.Test_003@4c371370]" started-at="2025-03-29T20:18:35 IST" name="dbConnection" finished-at="2025-03-29T20:18:36 IST" duration-ms="1944" status="PASS">
          <reporter-output>
          </reporter-output>
        </test-method> <!-- dbConnection -->
        <test-method is-config="true" signature="launchBrowser(java.lang.String)[pri:0, instance:testScriptRepo.Test_003@4c371370]" started-at="2025-03-29T20:18:37 IST" name="launchBrowser" finished-at="2025-03-29T20:18:43 IST" duration-ms="5797" status="PASS">
          <params>
            <param index="0">
              <value>
                <![CDATA[chrome]]>
              </value>
            </param>
          </params>
          <reporter-output>
          </reporter-output>
        </test-method> <!-- launchBrowser -->
        <test-method is-config="true" signature="loginOperation()[pri:0, instance:testScriptRepo.Test_003@4c371370]" started-at="2025-03-29T20:18:43 IST" name="loginOperation" finished-at="2025-03-29T20:18:44 IST" duration-ms="1103" status="PASS">
          <reporter-output>
          </reporter-output>
        </test-method> <!-- loginOperation -->
        <test-method signature="createContact_001(java.util.HashMap)[pri:0, instance:testScriptRepo.Test_003@4c371370]" started-at="2025-03-29T20:18:44 IST" name="createContact_001" data-provider="provideCreateContactData" finished-at="2025-03-29T20:18:50 IST" duration-ms="5571" status="PASS">
          <params>
            <param index="0">
              <value>
                <![CDATA[{mobile=9818425197_Data1, title=Title_Data1, org=QualiMe_YT_Data1, contactName=Sumit_Saurav_Data1}]]>
              </value>
            </param>
          </params>
          <reporter-output>
            <line>
              <![CDATA[✅ testScriptRepo.Test_003.createContact_001 Test Started Successfully ]]>
            </line>
            <line>
              <![CDATA[✅ Test Exceution Ended Successfully]]>
            </line>
            <line>
              <![CDATA[✅ createContact_001 Test Executed Successfully ]]>
            </line>
          </reporter-output>
        </test-method> <!-- createContact_001 -->
        <test-method is-config="true" signature="logoutOperation()[pri:0, instance:testScriptRepo.Test_003@4c371370]" started-at="2025-03-29T20:18:50 IST" name="logoutOperation" finished-at="2025-03-29T20:19:07 IST" duration-ms="16630" status="PASS">
          <reporter-output>
          </reporter-output>
        </test-method> <!-- logoutOperation -->
        <test-method is-config="true" signature="loginOperation()[pri:0, instance:testScriptRepo.Test_003@4c371370]" started-at="2025-03-29T20:19:07 IST" name="loginOperation" finished-at="2025-03-29T20:19:08 IST" duration-ms="1064" status="PASS">
          <reporter-output>
          </reporter-output>
        </test-method> <!-- loginOperation -->
        <test-method signature="createContact_001(java.util.HashMap)[pri:0, instance:testScriptRepo.Test_003@4c371370]" started-at="2025-03-29T20:19:08 IST" name="createContact_001" data-provider="provideCreateContactData" finished-at="2025-03-29T20:19:13 IST" duration-ms="5455" status="PASS">
          <params>
            <param index="0">
              <value>
                <![CDATA[{mobile=9818425197_Data2, title=Title_Data2, org=QualiMe__YT_Data2, contactName=Sumit_Saurav_Data2}]]>
              </value>
            </param>
          </params>
          <reporter-output>
            <line>
              <![CDATA[✅ testScriptRepo.Test_003.createContact_001 Test Started Successfully ]]>
            </line>
            <line>
              <![CDATA[✅ Test Exceution Ended Successfully]]>
            </line>
            <line>
              <![CDATA[✅ createContact_001 Test Executed Successfully ]]>
            </line>
          </reporter-output>
        </test-method> <!-- createContact_001 -->
        <test-method is-config="true" signature="logoutOperation()[pri:0, instance:testScriptRepo.Test_003@4c371370]" started-at="2025-03-29T20:19:13 IST" name="logoutOperation" finished-at="2025-03-29T20:19:29 IST" duration-ms="16060" status="PASS">
          <reporter-output>
          </reporter-output>
        </test-method> <!-- logoutOperation -->
        <test-method is-config="true" signature="closeBrowser()[pri:0, instance:testScriptRepo.Test_003@4c371370]" started-at="2025-03-29T20:19:29 IST" name="closeBrowser" finished-at="2025-03-29T20:19:30 IST" duration-ms="1011" status="PASS">
          <reporter-output>
          </reporter-output>
        </test-method> <!-- closeBrowser -->
        <test-method is-config="true" signature="closeDatabaseConnection()[pri:0, instance:testScriptRepo.Test_003@4c371370]" started-at="2025-03-29T20:20:07 IST" name="closeDatabaseConnection" finished-at="2025-03-29T20:20:07 IST" duration-ms="8" status="PASS">
          <reporter-output>
          </reporter-output>
        </test-method> <!-- closeDatabaseConnection -->
      </class> <!-- testScriptRepo.Test_003 -->
    </test> <!-- Test -->
  </suite> <!-- Suite -->
</testng-results>
