<?xml version="1.0" encoding="UTF-8"?>
<!-- Generated by org.testng.reporters.JUnitXMLReporter -->
<testsuite ignored="0" hostname="DESKTOP-CFS2EAU" failures="0" tests="3" name="Default test" time="68.566" errors="0" timestamp="2025-03-25T22:50:35 IST">
  <testcase classname="testScriptRepo.Test_004" name="createProduct" time="6.389"/>
  <testcase classname="testScriptRepo.Test_004" name="getDataPrint" time="0.022"/>
  <testcase classname="testScriptRepo.Test_004" name="getDataPrint" time="0.006"/>
</testsuite> <!-- Default test -->
