<?xml version="1.0" encoding="UTF-8"?>
<!-- Generated by org.testng.reporters.JUnitXMLReporter -->
<testsuite ignored="0" hostname="DESKTOP-CFS2EAU" failures="0" tests="113" name="Default test" time="20.959" errors="0" timestamp="2025-04-16T14:58:26 IST">
  <testcase classname="sampleDataProvider.DataProviderClass" name="getExcelDataFromDataProvider" time="0.038"/>
  <testcase classname="sampleDataProvider.DataProviderClass" name="getExcelDataFromDataProvider" time="0.006"/>
  <testcase classname="sampleDataProvider.DataProviderClass" name="getExcelDataFromDataProvider" time="0.017"/>
  <testcase classname="sampleDataProvider.DataProviderClass" name="getExcelDataFromDataProvider" time="0.006"/>
  <testcase classname="sampleDataProvider.DataProviderClass" name="getExcelDataFromDataProvider" time="0.014"/>
  <testcase classname="sampleDataProvider.DataProviderClass" name="getExcelDataFromDataProvider" time="0.01"/>
  <testcase classname="sampleDataProvider.DataProviderClass" name="getExcelDataFromDataProvider" time="0.005"/>
  <testcase classname="sampleDataProvider.DataProviderClass" name="getExcelDataFromDataProvider" time="0.003"/>
  <testcase classname="sampleDataProvider.DataProviderClass" name="getExcelDataFromDataProvider" time="0.002"/>
  <testcase classname="sampleDataProvider.DataProviderClass" name="getExcelDataFromDataProvider" time="0.006"/>
  <testcase classname="sampleDataProvider.DataProviderClass" name="getExcelDataFromDataProvider" time="0.002"/>
  <testcase classname="sampleDataProvider.DataProviderClass" name="getExcelDataFromDataProvider" time="0.001"/>
  <testcase classname="sampleDataProvider.DataProviderClass" name="getExcelDataFromDataProvider" time="0.006"/>
  <testcase classname="sampleDataProvider.DataProviderClass" name="getExcelDataFromDataProvider" time="0.006"/>
  <testcase classname="sampleDataProvider.DataProviderClass" name="getExcelDataFromDataProvider" time="0.01"/>
  <testcase classname="sampleDataProvider.DataProviderClass" name="getExcelDataFromDataProvider" time="0.003"/>
  <testcase classname="sampleDataProvider.DataProviderClass" name="getExcelDataFromDataProvider" time="0.002"/>
  <testcase classname="sampleDataProvider.DataProviderClass" name="getExcelDataFromDataProvider" time="0.002"/>
  <testcase classname="sampleDataProvider.DataProviderClass" name="getExcelDataFromDataProvider" time="0.003"/>
  <testcase classname="sampleDataProvider.DataProviderClass" name="getExcelDataFromDataProvider" time="0.002"/>
  <testcase classname="sampleDataProvider.DataProviderClass" name="getExcelDataFromDataProvider" time="0.001"/>
  <testcase classname="sampleDataProvider.DataProviderClass" name="getExcelDataFromDataProvider" time="0.003"/>
  <testcase classname="sampleDataProvider.DataProviderClass" name="getExcelDataFromDataProvider" time="0.001"/>
  <testcase classname="sampleDataProvider.DataProviderClass" name="getExcelDataFromDataProvider" time="0.006"/>
  <testcase classname="sampleDataProvider.DataProviderClass" name="getExcelDataFromDataProvider" time="0.003"/>
  <testcase classname="sampleDataProvider.DataProviderClass" name="getExcelDataFromDataProvider" time="0.003"/>
  <testcase classname="sampleDataProvider.DataProviderClass" name="getExcelDataFromDataProvider" time="0.002"/>
  <testcase classname="sampleDataProvider.DataProviderClass" name="getExcelDataFromDataProvider" time="0.002"/>
  <testcase classname="sampleDataProvider.DataProviderClass" name="getExcelDataFromDataProvider" time="0.005"/>
  <testcase classname="sampleDataProvider.DataProviderClass" name="getExcelDataFromDataProvider" time="0.001"/>
  <testcase classname="sampleDataProvider.DataProviderClass" name="getExcelDataFromDataProvider" time="0.002"/>
  <testcase classname="sampleDataProvider.DataProviderClass" name="getExcelDataFromDataProvider" time="0.002"/>
  <testcase classname="sampleDataProvider.DataProviderClass" name="getExcelDataFromDataProvider" time="0.001"/>
  <testcase classname="sampleDataProvider.DataProviderClass" name="getExcelDataFromDataProvider" time="0.002"/>
  <testcase classname="sampleDataProvider.DataProviderClass" name="getExcelDataFromDataProvider" time="0.002"/>
  <testcase classname="sampleDataProvider.DataProviderClass" name="getExcelDataFromDataProvider" time="0.002"/>
  <testcase classname="sampleDataProvider.DataProviderClass" name="getExcelDataFromDataProvider" time="0.009"/>
  <testcase classname="sampleDataProvider.DataProviderClass" name="getExcelDataFromDataProvider" time="0.002"/>
  <testcase classname="sampleDataProvider.DataProviderClass" name="getExcelDataFromDataProvider" time="0.001"/>
  <testcase classname="sampleDataProvider.DataProviderClass" name="getExcelDataFromDataProvider" time="0.001"/>
  <testcase classname="sampleDataProvider.DataProviderClass" name="getExcelDataFromDataProvider" time="0.002"/>
  <testcase classname="sampleDataProvider.DataProviderClass" name="getExcelDataFromDataProvider" time="0.004"/>
  <testcase classname="sampleDataProvider.DataProviderClass" name="getExcelDataFromDataProvider" time="0.005"/>
  <testcase classname="sampleDataProvider.DataProviderClass" name="getExcelDataFromDataProvider" time="0.002"/>
  <testcase classname="sampleDataProvider.DataProviderClass" name="getExcelDataFromDataProvider" time="0.001"/>
  <testcase classname="sampleDataProvider.DataProviderClass" name="getExcelDataFromDataProvider" time="0.001"/>
  <testcase classname="sampleDataProvider.DataProviderClass" name="getExcelDataFromDataProvider" time="0.001"/>
  <testcase classname="sampleDataProvider.DataProviderClass" name="getExcelDataFromDataProvider" time="0.003"/>
  <testcase classname="sampleDataProvider.DataProviderClass" name="getExcelDataFromDataProvider" time="0.001"/>
  <testcase classname="sampleDataProvider.DataProviderClass" name="getExcelDataFromDataProvider" time="0.001"/>
  <testcase classname="sampleDataProvider.DataProviderClass" name="getExcelDataFromDataProvider" time="0.001"/>
  <testcase classname="sampleDataProvider.DataProviderClass" name="getExcelDataFromDataProvider" time="0.002"/>
  <testcase classname="sampleDataProvider.DataProviderClass" name="getExcelDataFromDataProvider" time="0.001"/>
  <testcase classname="sampleDataProvider.DataProviderClass" name="getExcelDataFromDataProvider" time="0.006"/>
  <testcase classname="sampleDataProvider.DataProviderClass" name="getExcelDataFromDataProvider" time="0.002"/>
  <testcase classname="sampleDataProvider.DataProviderClass" name="getExcelDataFromDataProvider" time="0.002"/>
  <testcase classname="sampleDataProvider.DataProviderClass" name="getExcelDataFromDataProvider" time="0.001"/>
  <testcase classname="sampleDataProvider.DataProviderClass" name="getExcelDataFromDataProvider" time="0.001"/>
  <testcase classname="sampleDataProvider.DataProviderClass" name="getExcelDataFromDataProvider" time="0.001"/>
  <testcase classname="sampleDataProvider.DataProviderClass" name="getExcelDataFromDataProvider" time="0.002"/>
  <testcase classname="sampleDataProvider.DataProviderClass" name="getExcelDataFromDataProvider" time="0.005"/>
  <testcase classname="sampleDataProvider.DataProviderClass" name="getExcelDataFromDataProvider" time="0.001"/>
  <testcase classname="sampleDataProvider.DataProviderClass" name="getExcelDataFromDataProvider" time="0.002"/>
  <testcase classname="sampleDataProvider.DataProviderClass" name="getExcelDataFromDataProvider" time="0.004"/>
  <testcase classname="sampleDataProvider.DataProviderClass" name="getExcelDataFromDataProvider" time="0.057"/>
  <testcase classname="sampleDataProvider.DataProviderClass" name="getExcelDataFromDataProvider" time="0.001"/>
  <testcase classname="sampleDataProvider.DataProviderClass" name="getExcelDataFromDataProvider" time="0.001"/>
  <testcase classname="sampleDataProvider.DataProviderClass" name="getExcelDataFromDataProvider" time="0.002"/>
  <testcase classname="sampleDataProvider.DataProviderClass" name="getExcelDataFromDataProvider" time="0.007"/>
  <testcase classname="sampleDataProvider.DataProviderClass" name="getExcelDataFromDataProvider" time="0.002"/>
  <testcase classname="sampleDataProvider.DataProviderClass" name="getExcelDataFromDataProvider" time="0.004"/>
  <testcase classname="sampleDataProvider.DataProviderClass" name="getExcelDataFromDataProvider" time="0.002"/>
  <testcase classname="sampleDataProvider.DataProviderClass" name="getExcelDataFromDataProvider" time="0.003"/>
  <testcase classname="sampleDataProvider.DataProviderClass" name="getExcelDataFromDataProvider" time="0.001"/>
  <testcase classname="sampleDataProvider.DataProviderClass" name="getExcelDataFromDataProvider" time="0.002"/>
  <testcase classname="sampleDataProvider.DataProviderClass" name="getExcelDataFromDataProvider" time="0.001"/>
  <testcase classname="sampleDataProvider.DataProviderClass" name="getExcelDataFromDataProvider" time="0.001"/>
  <testcase classname="sampleDataProvider.DataProviderClass" name="getExcelDataFromDataProvider" time="0.002"/>
  <testcase classname="sampleDataProvider.DataProviderClass" name="getExcelDataFromDataProvider" time="0.002"/>
  <testcase classname="sampleDataProvider.DataProviderClass" name="getExcelDataFromDataProvider" time="0.001"/>
  <testcase classname="sampleDataProvider.DataProviderClass" name="getExcelDataFromDataProvider" time="0.002"/>
  <testcase classname="sampleDataProvider.DataProviderClass" name="getExcelDataFromDataProvider" time="0.001"/>
  <testcase classname="sampleDataProvider.DataProviderClass" name="getExcelDataFromDataProvider" time="0.001"/>
  <testcase classname="sampleDataProvider.DataProviderClass" name="getExcelDataFromDataProvider" time="0.004"/>
  <testcase classname="sampleDataProvider.DataProviderClass" name="getExcelDataFromDataProvider" time="0.004"/>
  <testcase classname="sampleDataProvider.DataProviderClass" name="getExcelDataFromDataProvider" time="0.008"/>
  <testcase classname="sampleDataProvider.DataProviderClass" name="getExcelDataFromDataProvider" time="0.001"/>
  <testcase classname="sampleDataProvider.DataProviderClass" name="getExcelDataFromDataProvider" time="0.003"/>
  <testcase classname="sampleDataProvider.DataProviderClass" name="getExcelDataFromDataProvider" time="0.001"/>
  <testcase classname="sampleDataProvider.DataProviderClass" name="getExcelDataFromDataProvider" time="0.004"/>
  <testcase classname="sampleDataProvider.DataProviderClass" name="getExcelDataFromDataProvider" time="0.002"/>
  <testcase classname="sampleDataProvider.DataProviderClass" name="getExcelDataFromDataProvider" time="0.001"/>
  <testcase classname="sampleDataProvider.DataProviderClass" name="getExcelDataFromDataProvider" time="0.028"/>
  <testcase classname="sampleDataProvider.DataProviderClass" name="getExcelDataFromDataProvider" time="0.002"/>
  <testcase classname="sampleDataProvider.DataProviderClass" name="getExcelDataFromDataProvider" time="0.01"/>
  <testcase classname="sampleDataProvider.DataProviderClass" name="getExcelDataFromDataProvider" time="0.003"/>
  <testcase classname="sampleDataProvider.DataProviderClass" name="getExcelDataFromDataProvider" time="0.002"/>
  <testcase classname="sampleDataProvider.DataProviderClass" name="getExcelDataFromDataProvider" time="0.003"/>
  <testcase classname="sampleDataProvider.DataProviderClass" name="getExcelDataFromDataProvider" time="0.001"/>
  <testcase classname="sampleDataProvider.DataProviderClass" name="getExcelDataFromDataProvider" time="0.001"/>
  <testcase classname="sampleDataProvider.DataProviderClass" name="getExcelDataFromDataProvider" time="0.001"/>
  <testcase classname="sampleDataProvider.DataProviderClass" name="getExcelDataFromDataProvider" time="0.001"/>
  <testcase classname="sampleDataProvider.DataProviderClass" name="getExcelDataFromDataProvider" time="0.002"/>
  <testcase classname="sampleDataProvider.DataProviderClass" name="getExcelDataFromDataProvider" time="0.001"/>
  <testcase classname="sampleDataProvider.DataProviderClass" name="getExcelDataFromDataProvider" time="0.002"/>
  <testcase classname="sampleDataProvider.DataProviderClass" name="getExcelDataFromDataProvider" time="0.002"/>
  <testcase classname="sampleDataProvider.DataProviderClass" name="getExcelDataFromDataProvider" time="0.011"/>
  <testcase classname="sampleDataProvider.DataProviderClass" name="getExcelDataFromDataProvider" time="0.002"/>
  <testcase classname="sampleDataProvider.DataProviderClass" name="getExcelDataFromDataProvider" time="0.001"/>
  <testcase classname="sampleDataProvider.DataProviderClass" name="getExcelDataFromDataProvider" time="0.001"/>
  <testcase classname="sampleDataProvider.DataProviderClass" name="getExcelDataFromDataProvider" time="0.001"/>
  <testcase classname="sampleDataProvider.DataProviderClass" name="getExcelDataFromDataProvider" time="0.001"/>
  <testcase classname="sampleDataProvider.DataProviderClass" name="getExcelDataFromDataProvider" time="0.001"/>
</testsuite> <!-- Default test -->
